2026-02-26 14:41:12: ▲ Next.js 16.1.6
2026-02-26 14:41:12: - Local:         http://localhost:3000
2026-02-26 14:41:12: - Network:       http://192.168.100.231:3000
2026-02-26 14:41:12: 
2026-02-26 14:41:12: ✓ Starting...
2026-02-26 14:41:13: ✓ Ready in 704ms
2026-02-26 14:47:36: ▲ Next.js 16.1.6
2026-02-26 14:47:36: - Local:         http://localhost:3000
2026-02-26 14:47:36: - Network:       http://192.168.100.231:3000
2026-02-26 14:47:36: 
2026-02-26 14:47:36: ✓ Starting...
2026-02-26 14:47:37: ✓ Ready in 649ms
2026-02-26 14:58:35: ▲ Next.js 16.1.6
2026-02-26 14:58:35: - Local:         http://localhost:3000
2026-02-26 14:58:35: - Network:       http://192.168.100.231:3000
2026-02-26 14:58:35: 
2026-02-26 14:58:35: ✓ Starting...
2026-02-26 14:58:35: ✓ Ready in 715ms
2026-02-26 15:37:49: ▲ Next.js 16.1.6
2026-02-26 15:37:49: - Local:         http://localhost:3000
2026-02-26 15:37:49: - Network:       http://192.168.100.231:3000
2026-02-26 15:37:49: 
2026-02-26 15:37:49: ✓ Starting...
2026-02-26 15:37:49: ✓ Ready in 743ms
